<?xml version="1.0" encoding="UTF-8"?>
<!-- Generated by org.testng.reporters.JUnitReportReporter -->
<testsuite hostname="Hakans-MacBook-Air.local" name="com.qa.hubspot.tests.contactPageTest" tests="5" failures="0" timestamp="23 Jul 2020 16:59:23 GMT" time="101.556" errors="0">
  <testcase name="createContactsTest" time="19.373" classname="com.qa.hubspot.tests.contactPageTest"/>
  <testcase name="createContactsTest" time="18.967" classname="com.qa.hubspot.tests.contactPageTest"/>
  <testcase name="verifyContactsPageTitle" time="21.684" classname="com.qa.hubspot.tests.contactPageTest"/>
  <testcase name="createContactsTest" time="18.887" classname="com.qa.hubspot.tests.contactPageTest"/>
  <testcase name="createContactsTest" time="22.645" classname="com.qa.hubspot.tests.contactPageTest"/>
</testsuite> <!-- com.qa.hubspot.tests.contactPageTest -->
