<?xml version="1.0" encoding="UTF-8"?>
<!-- Generated by org.testng.reporters.JUnitReportReporter -->
<testsuite skipped="1" hostname="Hakans-Air" name="com.qa.hubspot.tests.LoginPageTest" tests="8" failures="0" timestamp="2020-07-18T18:10:00 EDT" time="36.034" errors="0">
  <testcase name="verifyPageTitleTest" time="4.830" classname="com.qa.hubspot.tests.LoginPageTest"/>
  <system-out/>
  <testcase name="verifySignUpLink" time="5.874" classname="com.qa.hubspot.tests.LoginPageTest"/>
  <system-out/>
  <testcase name="login_invalidTestCase" time="5.394" classname="com.qa.hubspot.tests.LoginPageTest"/>
  <system-out/>
  <testcase name="login_invalidTestCase" time="4.893" classname="com.qa.hubspot.tests.LoginPageTest"/>
  <system-out/>
  <testcase name="login_invalidTestCase" time="4.805" classname="com.qa.hubspot.tests.LoginPageTest"/>
  <system-out/>
  <testcase name="login_invalidTestCase" time="4.669" classname="com.qa.hubspot.tests.LoginPageTest"/>
  <system-out/>
  <testcase name="login_invalidTestCase" time="5.569" classname="com.qa.hubspot.tests.LoginPageTest"/>
  <system-out/>
  <testcase name="loginTest" classname="com.qa.hubspot.tests.LoginPageTest">
    <skipped/>
  </testcase> <!-- loginTest -->
  <system-out/>
</testsuite> <!-- com.qa.hubspot.tests.LoginPageTest -->
